<?xml version="1.0" encoding="UTF-8"?>
<!-- Generated by org.testng.reporters.JUnitReportReporter -->
<testsuite hostname="MSI" failures="0" tests="1" name="APITest.RestAssuredApiTest" time="3.428" errors="0" timestamp="2025-04-30T08:11:39 IST" skipped="0">
  <testcase classname="APITest.RestAssuredApiTest" name="Pagination" time="3.428"/>
</testsuite> <!-- APITest.RestAssuredApiTest -->
