<?xml version="1.0" encoding="UTF-8"?>
<!-- Generated by org.testng.reporters.JUnitReportReporter -->
<testsuite hostname="MSI" failures="0" tests="1" name="APITest.APISchimaValidation" time="1.857" errors="0" timestamp="2025-05-17T14:18:02 IST" skipped="0">
  <testcase classname="APITest.APISchimaValidation" name="SchemaValidation" time="1.857"/>
</testsuite> <!-- APITest.APISchimaValidation -->
